<?xml version="1.0" encoding="UTF-8"?>
<testng-results skipped="0" failed="0" ignored="0" total="1" passed="1">
  <reporter-output>
  </reporter-output>
  <suite name="Suite" duration-ms="25198" started-at="2017-10-24T13:55:32Z" finished-at="2017-10-24T13:55:57Z">
    <groups>
    </groups>
    <test name="Test" duration-ms="25198" started-at="2017-10-24T13:55:32Z" finished-at="2017-10-24T13:55:57Z">
      <class name="Login">
        <test-method status="PASS" signature="setUp()[pri:0, instance:Login@7921b0a2]" name="setUp" duration-ms="25174" started-at="2017-10-24T19:25:32Z" finished-at="2017-10-24T19:25:57Z">
          <reporter-output>
          </reporter-output>
        </test-method> <!-- setUp -->
      </class> <!-- Login -->
    </test> <!-- Test -->
  </suite> <!-- Suite -->
</testng-results>
